<?xml version="1.0" encoding="UTF-8"?>
<testsuite xmlns:xsi="http://www.w3.org/2001/XMLSchema-instance" xsi:noNamespaceSchemaLocation="https://maven.apache.org/surefire/maven-surefire-plugin/xsd/surefire-test-report-3.0.xsd" version="3.0" name="TestSuite" time="25.916" tests="22" errors="0" skipped="20" failures="2">
  <properties>
    <property name="surefire.suiteXmlFiles" value="ios.xml"/>
    <property name="java.specification.version" value="15"/>
    <property name="sun.jnu.encoding" value="UTF-8"/>
    <property name="java.class.path" value="/Users/annprodous/TDDFrameworkAlt/target/test-classes:/Users/annprodous/TDDFrameworkAlt/target/classes:/Users/annprodous/.m2/repository/io/appium/java-client/8.5.1/java-client-8.5.1.jar:/Users/annprodous/.m2/repository/org/seleniumhq/selenium/selenium-api/4.11.0/selenium-api-4.11.0.jar:/Users/annprodous/.m2/repository/org/seleniumhq/selenium/selenium-remote-driver/4.11.0/selenium-remote-driver-4.11.0.jar:/Users/annprodous/.m2/repository/com/google/auto/service/auto-service-annotations/1.0.1/auto-service-annotations-1.0.1.jar:/Users/annprodous/.m2/repository/com/google/guava/guava/31.1-jre/guava-31.1-jre.jar:/Users/annprodous/.m2/repository/com/google/guava/failureaccess/1.0.1/failureaccess-1.0.1.jar:/Users/annprodous/.m2/repository/com/google/guava/listenablefuture/9999.0-empty-to-avoid-conflict-with-guava/listenablefuture-9999.0-empty-to-avoid-conflict-with-guava.jar:/Users/annprodous/.m2/repository/com/google/code/findbugs/jsr305/3.0.2/jsr305-3.0.2.jar:/Users/annprodous/.m2/repository/org/checkerframework/checker-qual/3.12.0/checker-qual-3.12.0.jar:/Users/annprodous/.m2/repository/com/google/errorprone/error_prone_annotations/2.11.0/error_prone_annotations-2.11.0.jar:/Users/annprodous/.m2/repository/com/google/j2objc/j2objc-annotations/1.3/j2objc-annotations-1.3.jar:/Users/annprodous/.m2/repository/io/netty/netty-buffer/4.1.92.Final/netty-buffer-4.1.92.Final.jar:/Users/annprodous/.m2/repository/io/netty/netty-codec-http/4.1.92.Final/netty-codec-http-4.1.92.Final.jar:/Users/annprodous/.m2/repository/io/netty/netty-codec/4.1.92.Final/netty-codec-4.1.92.Final.jar:/Users/annprodous/.m2/repository/io/netty/netty-handler/4.1.92.Final/netty-handler-4.1.92.Final.jar:/Users/annprodous/.m2/repository/io/netty/netty-common/4.1.92.Final/netty-common-4.1.92.Final.jar:/Users/annprodous/.m2/repository/io/netty/netty-transport-classes-epoll/4.1.92.Final/netty-transport-classes-epoll-4.1.92.Final.jar:/Users/annprodous/.m2/repository/io/netty/netty-transport-classes-kqueue/4.1.92.Final/netty-transport-classes-kqueue-4.1.92.Final.jar:/Users/annprodous/.m2/repository/io/netty/netty-transport-native-epoll/4.1.92.Final/netty-transport-native-epoll-4.1.92.Final.jar:/Users/annprodous/.m2/repository/io/netty/netty-transport-native-kqueue/4.1.92.Final/netty-transport-native-kqueue-4.1.92.Final.jar:/Users/annprodous/.m2/repository/io/netty/netty-transport-native-unix-common/4.1.92.Final/netty-transport-native-unix-common-4.1.92.Final.jar:/Users/annprodous/.m2/repository/io/netty/netty-transport/4.1.92.Final/netty-transport-4.1.92.Final.jar:/Users/annprodous/.m2/repository/io/netty/netty-resolver/4.1.92.Final/netty-resolver-4.1.92.Final.jar:/Users/annprodous/.m2/repository/io/opentelemetry/opentelemetry-api/1.26.0/opentelemetry-api-1.26.0.jar:/Users/annprodous/.m2/repository/io/opentelemetry/opentelemetry-context/1.26.0/opentelemetry-context-1.26.0.jar:/Users/annprodous/.m2/repository/io/opentelemetry/opentelemetry-exporter-logging/1.26.0/opentelemetry-exporter-logging-1.26.0.jar:/Users/annprodous/.m2/repository/io/opentelemetry/opentelemetry-sdk-metrics/1.26.0/opentelemetry-sdk-metrics-1.26.0.jar:/Users/annprodous/.m2/repository/io/opentelemetry/opentelemetry-extension-incubator/1.26.0-alpha/opentelemetry-extension-incubator-1.26.0-alpha.jar:/Users/annprodous/.m2/repository/io/opentelemetry/opentelemetry-sdk-logs/1.26.0-alpha/opentelemetry-sdk-logs-1.26.0-alpha.jar:/Users/annprodous/.m2/repository/io/opentelemetry/opentelemetry-api-logs/1.26.0-alpha/opentelemetry-api-logs-1.26.0-alpha.jar:/Users/annprodous/.m2/repository/io/opentelemetry/opentelemetry-api-events/1.26.0-alpha/opentelemetry-api-events-1.26.0-alpha.jar:/Users/annprodous/.m2/repository/io/opentelemetry/opentelemetry-sdk-common/1.26.0/opentelemetry-sdk-common-1.26.0.jar:/Users/annprodous/.m2/repository/io/opentelemetry/opentelemetry-sdk-extension-autoconfigure-spi/1.26.0/opentelemetry-sdk-extension-autoconfigure-spi-1.26.0.jar:/Users/annprodous/.m2/repository/io/opentelemetry/opentelemetry-sdk-extension-autoconfigure/1.26.0-alpha/opentelemetry-sdk-extension-autoconfigure-1.26.0-alpha.jar:/Users/annprodous/.m2/repository/io/opentelemetry/opentelemetry-sdk-trace/1.26.0/opentelemetry-sdk-trace-1.26.0.jar:/Users/annprodous/.m2/repository/io/opentelemetry/opentelemetry-sdk/1.26.0/opentelemetry-sdk-1.26.0.jar:/Users/annprodous/.m2/repository/io/opentelemetry/opentelemetry-semconv/1.26.0-alpha/opentelemetry-semconv-1.26.0-alpha.jar:/Users/annprodous/.m2/repository/net/bytebuddy/byte-buddy/1.14.4/byte-buddy-1.14.4.jar:/Users/annprodous/.m2/repository/org/apache/commons/commons-exec/1.3/commons-exec-1.3.jar:/Users/annprodous/.m2/repository/org/asynchttpclient/async-http-client/2.12.3/async-http-client-2.12.3.jar:/Users/annprodous/.m2/repository/org/asynchttpclient/async-http-client-netty-utils/2.12.3/async-http-client-netty-utils-2.12.3.jar:/Users/annprodous/.m2/repository/io/netty/netty-codec-socks/4.1.60.Final/netty-codec-socks-4.1.60.Final.jar:/Users/annprodous/.m2/repository/io/netty/netty-handler-proxy/4.1.60.Final/netty-handler-proxy-4.1.60.Final.jar:/Users/annprodous/.m2/repository/io/netty/netty-transport-native-epoll/4.1.60.Final/netty-transport-native-epoll-4.1.60.Final-linux-x86_64.jar:/Users/annprodous/.m2/repository/io/netty/netty-transport-native-kqueue/4.1.60.Final/netty-transport-native-kqueue-4.1.60.Final-osx-x86_64.jar:/Users/annprodous/.m2/repository/com/typesafe/netty/netty-reactive-streams/2.0.4/netty-reactive-streams-2.0.4.jar:/Users/annprodous/.m2/repository/com/sun/activation/jakarta.activation/1.2.2/jakarta.activation-1.2.2.jar:/Users/annprodous/.m2/repository/org/seleniumhq/selenium/selenium-http/4.11.0/selenium-http-4.11.0.jar:/Users/annprodous/.m2/repository/dev/failsafe/failsafe/3.3.1/failsafe-3.3.1.jar:/Users/annprodous/.m2/repository/org/seleniumhq/selenium/selenium-json/4.11.0/selenium-json-4.11.0.jar:/Users/annprodous/.m2/repository/org/seleniumhq/selenium/selenium-manager/4.11.0/selenium-manager-4.11.0.jar:/Users/annprodous/.m2/repository/org/seleniumhq/selenium/selenium-support/4.11.0/selenium-support-4.11.0.jar:/Users/annprodous/.m2/repository/com/google/code/gson/gson/2.10.1/gson-2.10.1.jar:/Users/annprodous/.m2/repository/commons-validator/commons-validator/1.7/commons-validator-1.7.jar:/Users/annprodous/.m2/repository/commons-beanutils/commons-beanutils/1.9.4/commons-beanutils-1.9.4.jar:/Users/annprodous/.m2/repository/commons-digester/commons-digester/2.1/commons-digester-2.1.jar:/Users/annprodous/.m2/repository/commons-logging/commons-logging/1.2/commons-logging-1.2.jar:/Users/annprodous/.m2/repository/commons-collections/commons-collections/3.2.2/commons-collections-3.2.2.jar:/Users/annprodous/.m2/repository/org/apache/commons/commons-lang3/3.12.0/commons-lang3-3.12.0.jar:/Users/annprodous/.m2/repository/org/slf4j/slf4j-api/2.0.7/slf4j-api-2.0.7.jar:/Users/annprodous/.m2/repository/org/testng/testng/7.8.0/testng-7.8.0.jar:/Users/annprodous/.m2/repository/com/beust/jcommander/1.82/jcommander-1.82.jar:/Users/annprodous/.m2/repository/org/webjars/jquery/3.6.1/jquery-3.6.1.jar:/Users/annprodous/.m2/repository/org/slf4j/slf4j-nop/2.0.7/slf4j-nop-2.0.7.jar:/Users/annprodous/.m2/repository/org/json/json/20230618/json-20230618.jar:/Users/annprodous/.m2/repository/org/apache/logging/log4j/log4j-core/3.0.0-alpha1/log4j-core-3.0.0-alpha1.jar:/Users/annprodous/.m2/repository/org/apache/logging/log4j/log4j-plugins/3.0.0-alpha1/log4j-plugins-3.0.0-alpha1.jar:/Users/annprodous/.m2/repository/javax/activation/javax.activation-api/1.2.0/javax.activation-api-1.2.0.jar:/Users/annprodous/.m2/repository/javax/xml/bind/jaxb-api/2.3.1/jaxb-api-2.3.1.jar:/Users/annprodous/.m2/repository/com/fasterxml/woodstox/woodstox-core/6.5.0/woodstox-core-6.5.0.jar:/Users/annprodous/.m2/repository/org/codehaus/woodstox/stax2-api/4.2.1/stax2-api-4.2.1.jar:/Users/annprodous/.m2/repository/org/apache/logging/log4j/log4j-api/3.0.0-alpha1/log4j-api-3.0.0-alpha1.jar:/Users/annprodous/.m2/repository/com/aventstack/extentreports/5.1.0/extentreports-5.1.0.jar:/Users/annprodous/.m2/repository/io/reactivex/rxjava3/rxjava/3.1.6/rxjava-3.1.6.jar:/Users/annprodous/.m2/repository/org/reactivestreams/reactive-streams/1.0.4/reactive-streams-1.0.4.jar:/Users/annprodous/.m2/repository/org/freemarker/freemarker/2.3.32/freemarker-2.3.32.jar:/Users/annprodous/.m2/repository/org/projectlombok/lombok/1.18.26/lombok-1.18.26.jar:/Users/annprodous/.m2/repository/commons-io/commons-io/2.11.0/commons-io-2.11.0.jar:/Users/annprodous/.m2/repository/commons-codec/commons-codec/1.16.0/commons-codec-1.16.0.jar:"/>
    <property name="java.vm.vendor" value="Oracle Corporation"/>
    <property name="sun.arch.data.model" value="64"/>
    <property name="java.vendor.url" value="https://java.oracle.com/"/>
    <property name="user.timezone" value="Asia/Jerusalem"/>
    <property name="os.name" value="Mac OS X"/>
    <property name="java.vm.specification.version" value="15"/>
    <property name="sun.java.launcher" value="SUN_STANDARD"/>
    <property name="user.country" value="UA"/>
    <property name="sun.boot.library.path" value="/Library/Java/JavaVirtualMachines/jdk-15.0.2.jdk/Contents/Home/lib"/>
    <property name="sun.java.command" value="/Users/annprodous/TDDFrameworkAlt/target/surefire/surefirebooter-20230816142923062_3.jar /Users/annprodous/TDDFrameworkAlt/target/surefire 2023-08-16T14-29-22_885-jvmRun1 surefire-20230816142923062_1tmp surefire_0-20230816142923062_2tmp"/>
    <property name="http.nonProxyHosts" value="local|*.local|169.254/16|*.169.254/16"/>
    <property name="jdk.debug" value="release"/>
    <property name="surefire.test.class.path" value="/Users/annprodous/TDDFrameworkAlt/target/test-classes:/Users/annprodous/TDDFrameworkAlt/target/classes:/Users/annprodous/.m2/repository/io/appium/java-client/8.5.1/java-client-8.5.1.jar:/Users/annprodous/.m2/repository/org/seleniumhq/selenium/selenium-api/4.11.0/selenium-api-4.11.0.jar:/Users/annprodous/.m2/repository/org/seleniumhq/selenium/selenium-remote-driver/4.11.0/selenium-remote-driver-4.11.0.jar:/Users/annprodous/.m2/repository/com/google/auto/service/auto-service-annotations/1.0.1/auto-service-annotations-1.0.1.jar:/Users/annprodous/.m2/repository/com/google/guava/guava/31.1-jre/guava-31.1-jre.jar:/Users/annprodous/.m2/repository/com/google/guava/failureaccess/1.0.1/failureaccess-1.0.1.jar:/Users/annprodous/.m2/repository/com/google/guava/listenablefuture/9999.0-empty-to-avoid-conflict-with-guava/listenablefuture-9999.0-empty-to-avoid-conflict-with-guava.jar:/Users/annprodous/.m2/repository/com/google/code/findbugs/jsr305/3.0.2/jsr305-3.0.2.jar:/Users/annprodous/.m2/repository/org/checkerframework/checker-qual/3.12.0/checker-qual-3.12.0.jar:/Users/annprodous/.m2/repository/com/google/errorprone/error_prone_annotations/2.11.0/error_prone_annotations-2.11.0.jar:/Users/annprodous/.m2/repository/com/google/j2objc/j2objc-annotations/1.3/j2objc-annotations-1.3.jar:/Users/annprodous/.m2/repository/io/netty/netty-buffer/4.1.92.Final/netty-buffer-4.1.92.Final.jar:/Users/annprodous/.m2/repository/io/netty/netty-codec-http/4.1.92.Final/netty-codec-http-4.1.92.Final.jar:/Users/annprodous/.m2/repository/io/netty/netty-codec/4.1.92.Final/netty-codec-4.1.92.Final.jar:/Users/annprodous/.m2/repository/io/netty/netty-handler/4.1.92.Final/netty-handler-4.1.92.Final.jar:/Users/annprodous/.m2/repository/io/netty/netty-common/4.1.92.Final/netty-common-4.1.92.Final.jar:/Users/annprodous/.m2/repository/io/netty/netty-transport-classes-epoll/4.1.92.Final/netty-transport-classes-epoll-4.1.92.Final.jar:/Users/annprodous/.m2/repository/io/netty/netty-transport-classes-kqueue/4.1.92.Final/netty-transport-classes-kqueue-4.1.92.Final.jar:/Users/annprodous/.m2/repository/io/netty/netty-transport-native-epoll/4.1.92.Final/netty-transport-native-epoll-4.1.92.Final.jar:/Users/annprodous/.m2/repository/io/netty/netty-transport-native-kqueue/4.1.92.Final/netty-transport-native-kqueue-4.1.92.Final.jar:/Users/annprodous/.m2/repository/io/netty/netty-transport-native-unix-common/4.1.92.Final/netty-transport-native-unix-common-4.1.92.Final.jar:/Users/annprodous/.m2/repository/io/netty/netty-transport/4.1.92.Final/netty-transport-4.1.92.Final.jar:/Users/annprodous/.m2/repository/io/netty/netty-resolver/4.1.92.Final/netty-resolver-4.1.92.Final.jar:/Users/annprodous/.m2/repository/io/opentelemetry/opentelemetry-api/1.26.0/opentelemetry-api-1.26.0.jar:/Users/annprodous/.m2/repository/io/opentelemetry/opentelemetry-context/1.26.0/opentelemetry-context-1.26.0.jar:/Users/annprodous/.m2/repository/io/opentelemetry/opentelemetry-exporter-logging/1.26.0/opentelemetry-exporter-logging-1.26.0.jar:/Users/annprodous/.m2/repository/io/opentelemetry/opentelemetry-sdk-metrics/1.26.0/opentelemetry-sdk-metrics-1.26.0.jar:/Users/annprodous/.m2/repository/io/opentelemetry/opentelemetry-extension-incubator/1.26.0-alpha/opentelemetry-extension-incubator-1.26.0-alpha.jar:/Users/annprodous/.m2/repository/io/opentelemetry/opentelemetry-sdk-logs/1.26.0-alpha/opentelemetry-sdk-logs-1.26.0-alpha.jar:/Users/annprodous/.m2/repository/io/opentelemetry/opentelemetry-api-logs/1.26.0-alpha/opentelemetry-api-logs-1.26.0-alpha.jar:/Users/annprodous/.m2/repository/io/opentelemetry/opentelemetry-api-events/1.26.0-alpha/opentelemetry-api-events-1.26.0-alpha.jar:/Users/annprodous/.m2/repository/io/opentelemetry/opentelemetry-sdk-common/1.26.0/opentelemetry-sdk-common-1.26.0.jar:/Users/annprodous/.m2/repository/io/opentelemetry/opentelemetry-sdk-extension-autoconfigure-spi/1.26.0/opentelemetry-sdk-extension-autoconfigure-spi-1.26.0.jar:/Users/annprodous/.m2/repository/io/opentelemetry/opentelemetry-sdk-extension-autoconfigure/1.26.0-alpha/opentelemetry-sdk-extension-autoconfigure-1.26.0-alpha.jar:/Users/annprodous/.m2/repository/io/opentelemetry/opentelemetry-sdk-trace/1.26.0/opentelemetry-sdk-trace-1.26.0.jar:/Users/annprodous/.m2/repository/io/opentelemetry/opentelemetry-sdk/1.26.0/opentelemetry-sdk-1.26.0.jar:/Users/annprodous/.m2/repository/io/opentelemetry/opentelemetry-semconv/1.26.0-alpha/opentelemetry-semconv-1.26.0-alpha.jar:/Users/annprodous/.m2/repository/net/bytebuddy/byte-buddy/1.14.4/byte-buddy-1.14.4.jar:/Users/annprodous/.m2/repository/org/apache/commons/commons-exec/1.3/commons-exec-1.3.jar:/Users/annprodous/.m2/repository/org/asynchttpclient/async-http-client/2.12.3/async-http-client-2.12.3.jar:/Users/annprodous/.m2/repository/org/asynchttpclient/async-http-client-netty-utils/2.12.3/async-http-client-netty-utils-2.12.3.jar:/Users/annprodous/.m2/repository/io/netty/netty-codec-socks/4.1.60.Final/netty-codec-socks-4.1.60.Final.jar:/Users/annprodous/.m2/repository/io/netty/netty-handler-proxy/4.1.60.Final/netty-handler-proxy-4.1.60.Final.jar:/Users/annprodous/.m2/repository/io/netty/netty-transport-native-epoll/4.1.60.Final/netty-transport-native-epoll-4.1.60.Final-linux-x86_64.jar:/Users/annprodous/.m2/repository/io/netty/netty-transport-native-kqueue/4.1.60.Final/netty-transport-native-kqueue-4.1.60.Final-osx-x86_64.jar:/Users/annprodous/.m2/repository/com/typesafe/netty/netty-reactive-streams/2.0.4/netty-reactive-streams-2.0.4.jar:/Users/annprodous/.m2/repository/com/sun/activation/jakarta.activation/1.2.2/jakarta.activation-1.2.2.jar:/Users/annprodous/.m2/repository/org/seleniumhq/selenium/selenium-http/4.11.0/selenium-http-4.11.0.jar:/Users/annprodous/.m2/repository/dev/failsafe/failsafe/3.3.1/failsafe-3.3.1.jar:/Users/annprodous/.m2/repository/org/seleniumhq/selenium/selenium-json/4.11.0/selenium-json-4.11.0.jar:/Users/annprodous/.m2/repository/org/seleniumhq/selenium/selenium-manager/4.11.0/selenium-manager-4.11.0.jar:/Users/annprodous/.m2/repository/org/seleniumhq/selenium/selenium-support/4.11.0/selenium-support-4.11.0.jar:/Users/annprodous/.m2/repository/com/google/code/gson/gson/2.10.1/gson-2.10.1.jar:/Users/annprodous/.m2/repository/commons-validator/commons-validator/1.7/commons-validator-1.7.jar:/Users/annprodous/.m2/repository/commons-beanutils/commons-beanutils/1.9.4/commons-beanutils-1.9.4.jar:/Users/annprodous/.m2/repository/commons-digester/commons-digester/2.1/commons-digester-2.1.jar:/Users/annprodous/.m2/repository/commons-logging/commons-logging/1.2/commons-logging-1.2.jar:/Users/annprodous/.m2/repository/commons-collections/commons-collections/3.2.2/commons-collections-3.2.2.jar:/Users/annprodous/.m2/repository/org/apache/commons/commons-lang3/3.12.0/commons-lang3-3.12.0.jar:/Users/annprodous/.m2/repository/org/slf4j/slf4j-api/2.0.7/slf4j-api-2.0.7.jar:/Users/annprodous/.m2/repository/org/testng/testng/7.8.0/testng-7.8.0.jar:/Users/annprodous/.m2/repository/com/beust/jcommander/1.82/jcommander-1.82.jar:/Users/annprodous/.m2/repository/org/webjars/jquery/3.6.1/jquery-3.6.1.jar:/Users/annprodous/.m2/repository/org/slf4j/slf4j-nop/2.0.7/slf4j-nop-2.0.7.jar:/Users/annprodous/.m2/repository/org/json/json/20230618/json-20230618.jar:/Users/annprodous/.m2/repository/org/apache/logging/log4j/log4j-core/3.0.0-alpha1/log4j-core-3.0.0-alpha1.jar:/Users/annprodous/.m2/repository/org/apache/logging/log4j/log4j-plugins/3.0.0-alpha1/log4j-plugins-3.0.0-alpha1.jar:/Users/annprodous/.m2/repository/javax/activation/javax.activation-api/1.2.0/javax.activation-api-1.2.0.jar:/Users/annprodous/.m2/repository/javax/xml/bind/jaxb-api/2.3.1/jaxb-api-2.3.1.jar:/Users/annprodous/.m2/repository/com/fasterxml/woodstox/woodstox-core/6.5.0/woodstox-core-6.5.0.jar:/Users/annprodous/.m2/repository/org/codehaus/woodstox/stax2-api/4.2.1/stax2-api-4.2.1.jar:/Users/annprodous/.m2/repository/org/apache/logging/log4j/log4j-api/3.0.0-alpha1/log4j-api-3.0.0-alpha1.jar:/Users/annprodous/.m2/repository/com/aventstack/extentreports/5.1.0/extentreports-5.1.0.jar:/Users/annprodous/.m2/repository/io/reactivex/rxjava3/rxjava/3.1.6/rxjava-3.1.6.jar:/Users/annprodous/.m2/repository/org/reactivestreams/reactive-streams/1.0.4/reactive-streams-1.0.4.jar:/Users/annprodous/.m2/repository/org/freemarker/freemarker/2.3.32/freemarker-2.3.32.jar:/Users/annprodous/.m2/repository/org/projectlombok/lombok/1.18.26/lombok-1.18.26.jar:/Users/annprodous/.m2/repository/commons-io/commons-io/2.11.0/commons-io-2.11.0.jar:/Users/annprodous/.m2/repository/commons-codec/commons-codec/1.16.0/commons-codec-1.16.0.jar:"/>
    <property name="sun.cpu.endian" value="little"/>
    <property name="user.home" value="/Users/annprodous"/>
    <property name="user.language" value="en"/>
    <property name="java.specification.vendor" value="Oracle Corporation"/>
    <property name="java.version.date" value="2021-01-19"/>
    <property name="java.home" value="/Library/Java/JavaVirtualMachines/jdk-15.0.2.jdk/Contents/Home"/>
    <property name="file.separator" value="/"/>
    <property name="basedir" value="/Users/annprodous/TDDFrameworkAlt"/>
    <property name="java.vm.compressedOopsMode" value="Zero based"/>
    <property name="line.separator" value="&#10;"/>
    <property name="java.specification.name" value="Java Platform API Specification"/>
    <property name="java.vm.specification.vendor" value="Oracle Corporation"/>
    <property name="surefire.real.class.path" value="/Users/annprodous/TDDFrameworkAlt/target/surefire/surefirebooter-20230816142923062_3.jar"/>
    <property name="sun.management.compiler" value="HotSpot 64-Bit Tiered Compilers"/>
    <property name="ftp.nonProxyHosts" value="local|*.local|169.254/16|*.169.254/16"/>
    <property name="java.runtime.version" value="15.0.2+7-27"/>
    <property name="user.name" value="annprodous"/>
    <property name="path.separator" value=":"/>
    <property name="os.version" value="10.16"/>
    <property name="java.runtime.name" value="Java(TM) SE Runtime Environment"/>
    <property name="file.encoding" value="UTF-8"/>
    <property name="java.vm.name" value="Java HotSpot(TM) 64-Bit Server VM"/>
    <property name="localRepository" value="/Users/annprodous/.m2/repository"/>
    <property name="java.vendor.url.bug" value="https://bugreport.java.com/bugreport/"/>
    <property name="java.io.tmpdir" value="/var/folders/yg/6fl75h0s6xqcpsrb37j0hdp00000gn/T/"/>
    <property name="java.version" value="15.0.2"/>
    <property name="user.dir" value="/Users/annprodous/TDDFrameworkAlt"/>
    <property name="os.arch" value="x86_64"/>
    <property name="java.vm.specification.name" value="Java Virtual Machine Specification"/>
    <property name="java.library.path" value="/Users/annprodous/Library/Java/Extensions:/Library/Java/Extensions:/Network/Library/Java/Extensions:/System/Library/Java/Extensions:/usr/lib/java:."/>
    <property name="java.vm.info" value="mixed mode, sharing"/>
    <property name="java.vendor" value="Oracle Corporation"/>
    <property name="java.vm.version" value="15.0.2+7-27"/>
    <property name="sun.io.unicode.encoding" value="UnicodeBig"/>
    <property name="socksNonProxyHosts" value="local|*.local|169.254/16|*.169.254/16"/>
    <property name="java.class.version" value="59.0"/>
  </properties>
  <testcase name="beforeMethod" classname="com.qa.tests.LoginTests" time="16.049">
    <failure message="An unknown server-side error occurred while processing the command. Original error: &apos;ffmpeg&apos; binary is not found in PATH. Install it using &apos;brew install ffmpeg&apos;. Check https://www.ffmpeg.org/download.html for more details.&#10;Build info: version: &apos;4.11.0&apos;, revision: &apos;040bc5406b&apos;&#10;System info: os.name: &apos;Mac OS X&apos;, os.arch: &apos;x86_64&apos;, os.version: &apos;10.16&apos;, java.version: &apos;15.0.2&apos;&#10;Driver info: io.appium.java_client.ios.IOSDriver&#10;Command: [12fa12ad-ff2d-407e-b426-1bc8ad2b872f, startRecordingScreen {}]&#10;Capabilities {appium:app: /Users/annprodous/TDDFramew..., appium:automationName: XCUITest, appium:bundleId: com.saucelabs.SwagLabsMobil..., appium:databaseEnabled: false, appium:deviceName: iPhone 14 Pro Max, appium:javascriptEnabled: true, appium:locationContextEnabled: false, appium:networkConnectionEnabled: false, appium:takesScreenshot: true, appium:udid: 90BAEFB6-D016-4D55-B9F4-83E..., appium:wdaLocalPort: 10001, appium:webStorageEnabled: false, appium:webkitDebugProxyPort: 11001, platformName: IOS}&#10;Session ID: 12fa12ad-ff2d-407e-b426-1bc8ad2b872f" type="org.openqa.selenium.WebDriverException"><![CDATA[org.openqa.selenium.WebDriverException: 
An unknown server-side error occurred while processing the command. Original error: 'ffmpeg' binary is not found in PATH. Install it using 'brew install ffmpeg'. Check https://www.ffmpeg.org/download.html for more details.
Build info: version: '4.11.0', revision: '040bc5406b'
System info: os.name: 'Mac OS X', os.arch: 'x86_64', os.version: '10.16', java.version: '15.0.2'
Driver info: io.appium.java_client.ios.IOSDriver
Command: [12fa12ad-ff2d-407e-b426-1bc8ad2b872f, startRecordingScreen {}]
Capabilities {appium:app: /Users/annprodous/TDDFramew..., appium:automationName: XCUITest, appium:bundleId: com.saucelabs.SwagLabsMobil..., appium:databaseEnabled: false, appium:deviceName: iPhone 14 Pro Max, appium:javascriptEnabled: true, appium:locationContextEnabled: false, appium:networkConnectionEnabled: false, appium:takesScreenshot: true, appium:udid: 90BAEFB6-D016-4D55-B9F4-83E..., appium:wdaLocalPort: 10001, appium:webStorageEnabled: false, appium:webkitDebugProxyPort: 11001, platformName: IOS}
Session ID: 12fa12ad-ff2d-407e-b426-1bc8ad2b872f
	at java.base/jdk.internal.reflect.NativeConstructorAccessorImpl.newInstance0(Native Method)
	at java.base/jdk.internal.reflect.NativeConstructorAccessorImpl.newInstance(NativeConstructorAccessorImpl.java:64)
	at java.base/jdk.internal.reflect.DelegatingConstructorAccessorImpl.newInstance(DelegatingConstructorAccessorImpl.java:45)
	at java.base/java.lang.reflect.Constructor.newInstanceWithCaller(Constructor.java:500)
	at java.base/java.lang.reflect.Constructor.newInstance(Constructor.java:481)
	at org.openqa.selenium.remote.codec.w3c.W3CHttpResponseCodec.createException(W3CHttpResponseCodec.java:200)
	at org.openqa.selenium.remote.codec.w3c.W3CHttpResponseCodec.decode(W3CHttpResponseCodec.java:133)
	at org.openqa.selenium.remote.codec.w3c.W3CHttpResponseCodec.decode(W3CHttpResponseCodec.java:52)
	at org.openqa.selenium.remote.HttpCommandExecutor.execute(HttpCommandExecutor.java:191)
	at io.appium.java_client.remote.AppiumCommandExecutor.execute(AppiumCommandExecutor.java:250)
	at org.openqa.selenium.remote.RemoteWebDriver.execute(RemoteWebDriver.java:518)
	at org.openqa.selenium.remote.RemoteWebDriver.execute(RemoteWebDriver.java:591)
	at io.appium.java_client.AppiumDriver.execute(AppiumDriver.java:313)
	at io.appium.java_client.screenrecording.CanRecordScreen.startRecordingScreen(CanRecordScreen.java:48)
	at com.qa.BaseTest.beforeMethod(BaseTest.java:109)
	at java.base/jdk.internal.reflect.NativeMethodAccessorImpl.invoke0(Native Method)
	at java.base/jdk.internal.reflect.NativeMethodAccessorImpl.invoke(NativeMethodAccessorImpl.java:64)
	at java.base/jdk.internal.reflect.DelegatingMethodAccessorImpl.invoke(DelegatingMethodAccessorImpl.java:43)
	at java.base/java.lang.reflect.Method.invoke(Method.java:564)
	at org.testng.internal.invokers.MethodInvocationHelper.invokeMethod(MethodInvocationHelper.java:139)
	at org.testng.internal.invokers.MethodInvocationHelper.invokeMethodConsideringTimeout(MethodInvocationHelper.java:69)
	at org.testng.internal.invokers.ConfigInvoker.invokeConfigurationMethod(ConfigInvoker.java:390)
	at org.testng.internal.invokers.ConfigInvoker.invokeConfigurations(ConfigInvoker.java:325)
	at org.testng.internal.invokers.TestInvoker.runConfigMethods(TestInvoker.java:810)
	at org.testng.internal.invokers.TestInvoker.invokeMethod(TestInvoker.java:577)
	at org.testng.internal.invokers.TestInvoker.invokeTestMethod(TestInvoker.java:227)
	at org.testng.internal.invokers.MethodRunner.runInSequence(MethodRunner.java:50)
	at org.testng.internal.invokers.TestInvoker$MethodInvocationAgent.invoke(TestInvoker.java:957)
	at org.testng.internal.invokers.TestInvoker.invokeTestMethods(TestInvoker.java:200)
	at org.testng.internal.invokers.TestMethodWorker.invokeTestMethods(TestMethodWorker.java:148)
	at org.testng.internal.invokers.TestMethodWorker.run(TestMethodWorker.java:128)
	at java.base/java.util.ArrayList.forEach(ArrayList.java:1511)
	at org.testng.TestRunner.privateRun(TestRunner.java:848)
	at org.testng.TestRunner.run(TestRunner.java:621)
	at org.testng.SuiteRunner.runTest(SuiteRunner.java:443)
	at org.testng.SuiteRunner.runSequentially(SuiteRunner.java:437)
	at org.testng.SuiteRunner.privateRun(SuiteRunner.java:397)
	at org.testng.SuiteRunner.run(SuiteRunner.java:336)
	at org.testng.SuiteRunnerWorker.runSuite(SuiteRunnerWorker.java:52)
	at org.testng.SuiteRunnerWorker.run(SuiteRunnerWorker.java:95)
	at org.testng.TestNG.runSuitesSequentially(TestNG.java:1280)
	at org.testng.TestNG.runSuitesLocally(TestNG.java:1200)
	at org.testng.TestNG.runSuites(TestNG.java:1114)
	at org.testng.TestNG.run(TestNG.java:1082)
	at org.apache.maven.surefire.testng.TestNGExecutor.run(TestNGExecutor.java:308)
	at org.apache.maven.surefire.testng.TestNGXmlTestSuite.execute(TestNGXmlTestSuite.java:71)
	at org.apache.maven.surefire.testng.TestNGProvider.invoke(TestNGProvider.java:113)
	at org.apache.maven.surefire.booter.ForkedBooter.runSuitesInProcess(ForkedBooter.java:385)
	at org.apache.maven.surefire.booter.ForkedBooter.execute(ForkedBooter.java:162)
	at org.apache.maven.surefire.booter.ForkedBooter.run(ForkedBooter.java:507)
	at org.apache.maven.surefire.booter.ForkedBooter.main(ForkedBooter.java:495)
]]></failure>
    <system-out><![CDATA[&amp#27;[35m[Appium]&amp#27;[39m Welcome to Appium v2.0.1 (REV 98f1be77f93a0d23fbc68629d0854522e9f0c1c3)
&amp#27;[35m[Appium]&amp#27;[39m Non-default server args:
&amp#27;[35m[Appium]&amp#27;[39m { sessionOverride: &amp#27;[33mtrue&amp#27;[39m }
&amp#27;[35m[Appium]&amp#27;[39m Attempting to load driver uiautomator2...
[debug] &amp#27;[35m[Appium]&amp#27;[39m Requiring driver at /Users/annprodous/node_modules/appium-uiautomator2-driver
&amp#27;[35m[Appium]&amp#27;[39m Attempting to load driver xcuitest...
[debug] &amp#27;[35m[Appium]&amp#27;[39m Requiring driver at /Users/annprodous/node_modules/appium-xcuitest-driver
&amp#27;[35m[Appium]&amp#27;[39m Appium REST http interface listener started on http://0.0.0.0:4723
&amp#27;[35m[Appium]&amp#27;[39m You can provide the following URLS in your client code to connect to this server:
&amp#27;[35m[Appium]&amp#27;[39m 	http://127.0.0.1:4723/ (only accessible from the same host)
&amp#27;[35m[Appium]&amp#27;[39m 	http://192.168.1.110:4723/
&amp#27;[35m[Appium]&amp#27;[39m Available drivers:
&amp#27;[35m[Appium]&amp#27;[39m   - uiautomator2@2.29.4 (automationName 'UiAutomator2')
&amp#27;[35m[Appium]&amp#27;[39m   - xcuitest@4.33.2 (automationName 'XCUITest')
&amp#27;[35m[Appium]&amp#27;[39m No plugins have been installed. Use the "appium plugin" command to install the one(s) you want to use.
&amp#27;[38;5;0m[HTTP]&amp#27;[0m &amp#27;[37m-->&amp#27;[39m &amp#27;[37mGET&amp#27;[39m &amp#27;[37m/status&amp#27;[39m
&amp#27;[38;5;0m[HTTP]&amp#27;[0m &amp#27;[90m{}&amp#27;[39m
[debug] &amp#27;[38;5;16m[AppiumDriver@62e9]&amp#27;[0m Calling AppiumDriver.getStatus() with args: []
[debug] &amp#27;[38;5;16m[AppiumDriver@62e9]&amp#27;[0m Responding to client with driver.getStatus() result: {"build":{"version":"2.0.1","git-sha":"98f1be77f93a0d23fbc68629d0854522e9f0c1c3","built":"2023-08-06 20:39:46 -0700"}}
&amp#27;[38;5;0m[HTTP]&amp#27;[0m &amp#27;[37m<-- GET /status &amp#27;[39m&amp#27;[32m200&amp#27;[39m &amp#27;[90m8 ms - 128&amp#27;[39m
&amp#27;[38;5;0m[HTTP]&amp#27;[0m &amp#27;[90m&amp#27;[39m
[INFO ] 2023-08-16 14:29:29.050 com.qa.BaseTest:119 - Appium server started
[INFO ] 2023-08-16 14:29:29.188 com.qa.BaseTest:187 - log path: logs/iOS_iPhone 14 Pro Max
[INFO ] 2023-08-16 14:29:29.235 com.qa.BaseTest:194 - load config.properties
[INFO ] 2023-08-16 14:29:29.238 com.qa.BaseTest:199 - load strings/strings.xml
[INFO ] 2023-08-16 14:29:29.257 com.qa.BaseTest:234 - appUrl is/Users/annprodous/TDDFrameworkAlt/src/test/resources/app/iOS.Simulator.SauceLabs.Mobile.Sample.app.2.7.1.app
[INFO ] 2023-08-16 14:29:36.952 com.qa.BaseTest:245 - driver initialized: IOSDriver:  on IOS (12fa12ad-ff2d-407e-b426-1bc8ad2b872f)
]]></system-out>
  </testcase>
  <testcase name="beforeMethod" classname="com.qa.tests.LoginTests" time="0.0">
    <skipped/>
  </testcase>
  <testcase name="beforeMethod" classname="com.qa.tests.LoginTests" time="0.0">
    <skipped/>
  </testcase>
  <testcase name="beforeMethod" classname="com.qa.tests.LoginTests" time="0.0">
    <skipped/>
  </testcase>
  <testcase name="beforeMethod" classname="com.qa.tests.LoginTests" time="0.0">
    <skipped/>
  </testcase>
  <testcase name="beforeMethod" classname="com.qa.tests.LoginTests" time="0.0">
    <skipped/>
  </testcase>
  <testcase name="invalidPassword" classname="com.qa.tests.LoginTests" time="0.0">
    <skipped message="An unknown server-side error occurred while processing the command. Original error: &apos;ffmpeg&apos; binary is not found in PATH. Install it using &apos;brew install ffmpeg&apos;. Check https://www.ffmpeg.org/download.html for more details.&#10;Build info: version: &apos;4.11.0&apos;, revision: &apos;040bc5406b&apos;&#10;System info: os.name: &apos;Mac OS X&apos;, os.arch: &apos;x86_64&apos;, os.version: &apos;10.16&apos;, java.version: &apos;15.0.2&apos;&#10;Driver info: io.appium.java_client.ios.IOSDriver&#10;Command: [12fa12ad-ff2d-407e-b426-1bc8ad2b872f, startRecordingScreen {}]&#10;Capabilities {appium:app: /Users/annprodous/TDDFramew..., appium:automationName: XCUITest, appium:bundleId: com.saucelabs.SwagLabsMobil..., appium:databaseEnabled: false, appium:deviceName: iPhone 14 Pro Max, appium:javascriptEnabled: true, appium:locationContextEnabled: false, appium:networkConnectionEnabled: false, appium:takesScreenshot: true, appium:udid: 90BAEFB6-D016-4D55-B9F4-83E..., appium:wdaLocalPort: 10001, appium:webStorageEnabled: false, appium:webkitDebugProxyPort: 11001, platformName: IOS}&#10;Session ID: 12fa12ad-ff2d-407e-b426-1bc8ad2b872f"/>
  </testcase>
  <testcase name="afterMethod" classname="com.qa.tests.LoginTests" time="0.0">
    <skipped/>
  </testcase>
  <testcase name="afterMethod" classname="com.qa.tests.LoginTests" time="0.0">
    <skipped/>
  </testcase>
  <testcase name="afterMethod" classname="com.qa.tests.LoginTests" time="0.0">
    <skipped/>
  </testcase>
  <testcase name="invalidUserName" classname="com.qa.tests.LoginTests" time="0.0">
    <skipped message="An unknown server-side error occurred while processing the command. Original error: &apos;ffmpeg&apos; binary is not found in PATH. Install it using &apos;brew install ffmpeg&apos;. Check https://www.ffmpeg.org/download.html for more details.&#10;Build info: version: &apos;4.11.0&apos;, revision: &apos;040bc5406b&apos;&#10;System info: os.name: &apos;Mac OS X&apos;, os.arch: &apos;x86_64&apos;, os.version: &apos;10.16&apos;, java.version: &apos;15.0.2&apos;&#10;Driver info: io.appium.java_client.ios.IOSDriver&#10;Command: [12fa12ad-ff2d-407e-b426-1bc8ad2b872f, startRecordingScreen {}]&#10;Capabilities {appium:app: /Users/annprodous/TDDFramew..., appium:automationName: XCUITest, appium:bundleId: com.saucelabs.SwagLabsMobil..., appium:databaseEnabled: false, appium:deviceName: iPhone 14 Pro Max, appium:javascriptEnabled: true, appium:locationContextEnabled: false, appium:networkConnectionEnabled: false, appium:takesScreenshot: true, appium:udid: 90BAEFB6-D016-4D55-B9F4-83E..., appium:wdaLocalPort: 10001, appium:webStorageEnabled: false, appium:webkitDebugProxyPort: 11001, platformName: IOS}&#10;Session ID: 12fa12ad-ff2d-407e-b426-1bc8ad2b872f"/>
  </testcase>
  <testcase name="successfulLogin" classname="com.qa.tests.LoginTests" time="0.0">
    <skipped message="An unknown server-side error occurred while processing the command. Original error: &apos;ffmpeg&apos; binary is not found in PATH. Install it using &apos;brew install ffmpeg&apos;. Check https://www.ffmpeg.org/download.html for more details.&#10;Build info: version: &apos;4.11.0&apos;, revision: &apos;040bc5406b&apos;&#10;System info: os.name: &apos;Mac OS X&apos;, os.arch: &apos;x86_64&apos;, os.version: &apos;10.16&apos;, java.version: &apos;15.0.2&apos;&#10;Driver info: io.appium.java_client.ios.IOSDriver&#10;Command: [12fa12ad-ff2d-407e-b426-1bc8ad2b872f, startRecordingScreen {}]&#10;Capabilities {appium:app: /Users/annprodous/TDDFramew..., appium:automationName: XCUITest, appium:bundleId: com.saucelabs.SwagLabsMobil..., appium:databaseEnabled: false, appium:deviceName: iPhone 14 Pro Max, appium:javascriptEnabled: true, appium:locationContextEnabled: false, appium:networkConnectionEnabled: false, appium:takesScreenshot: true, appium:udid: 90BAEFB6-D016-4D55-B9F4-83E..., appium:wdaLocalPort: 10001, appium:webStorageEnabled: false, appium:webkitDebugProxyPort: 11001, platformName: IOS}&#10;Session ID: 12fa12ad-ff2d-407e-b426-1bc8ad2b872f"/>
  </testcase>
  <testcase name="afterClass" classname="com.qa.tests.LoginTests" time="0.0">
    <skipped/>
  </testcase>
  <testcase name="beforeMethod" classname="com.qa.tests.ProductTests" time="2.493">
    <failure message="An unknown server-side error occurred while processing the command. Original error: &apos;ffmpeg&apos; binary is not found in PATH. Install it using &apos;brew install ffmpeg&apos;. Check https://www.ffmpeg.org/download.html for more details.&#10;Build info: version: &apos;4.11.0&apos;, revision: &apos;040bc5406b&apos;&#10;System info: os.name: &apos;Mac OS X&apos;, os.arch: &apos;x86_64&apos;, os.version: &apos;10.16&apos;, java.version: &apos;15.0.2&apos;&#10;Driver info: io.appium.java_client.ios.IOSDriver&#10;Command: [12fa12ad-ff2d-407e-b426-1bc8ad2b872f, startRecordingScreen {}]&#10;Capabilities {appium:app: /Users/annprodous/TDDFramew..., appium:automationName: XCUITest, appium:bundleId: com.saucelabs.SwagLabsMobil..., appium:databaseEnabled: false, appium:deviceName: iPhone 14 Pro Max, appium:javascriptEnabled: true, appium:locationContextEnabled: false, appium:networkConnectionEnabled: false, appium:takesScreenshot: true, appium:udid: 90BAEFB6-D016-4D55-B9F4-83E..., appium:wdaLocalPort: 10001, appium:webStorageEnabled: false, appium:webkitDebugProxyPort: 11001, platformName: IOS}&#10;Session ID: 12fa12ad-ff2d-407e-b426-1bc8ad2b872f" type="org.openqa.selenium.WebDriverException"><![CDATA[org.openqa.selenium.WebDriverException: 
An unknown server-side error occurred while processing the command. Original error: 'ffmpeg' binary is not found in PATH. Install it using 'brew install ffmpeg'. Check https://www.ffmpeg.org/download.html for more details.
Build info: version: '4.11.0', revision: '040bc5406b'
System info: os.name: 'Mac OS X', os.arch: 'x86_64', os.version: '10.16', java.version: '15.0.2'
Driver info: io.appium.java_client.ios.IOSDriver
Command: [12fa12ad-ff2d-407e-b426-1bc8ad2b872f, startRecordingScreen {}]
Capabilities {appium:app: /Users/annprodous/TDDFramew..., appium:automationName: XCUITest, appium:bundleId: com.saucelabs.SwagLabsMobil..., appium:databaseEnabled: false, appium:deviceName: iPhone 14 Pro Max, appium:javascriptEnabled: true, appium:locationContextEnabled: false, appium:networkConnectionEnabled: false, appium:takesScreenshot: true, appium:udid: 90BAEFB6-D016-4D55-B9F4-83E..., appium:wdaLocalPort: 10001, appium:webStorageEnabled: false, appium:webkitDebugProxyPort: 11001, platformName: IOS}
Session ID: 12fa12ad-ff2d-407e-b426-1bc8ad2b872f
	at java.base/jdk.internal.reflect.NativeConstructorAccessorImpl.newInstance0(Native Method)
	at java.base/jdk.internal.reflect.NativeConstructorAccessorImpl.newInstance(NativeConstructorAccessorImpl.java:64)
	at java.base/jdk.internal.reflect.DelegatingConstructorAccessorImpl.newInstance(DelegatingConstructorAccessorImpl.java:45)
	at java.base/java.lang.reflect.Constructor.newInstanceWithCaller(Constructor.java:500)
	at java.base/java.lang.reflect.Constructor.newInstance(Constructor.java:481)
	at org.openqa.selenium.remote.codec.w3c.W3CHttpResponseCodec.createException(W3CHttpResponseCodec.java:200)
	at org.openqa.selenium.remote.codec.w3c.W3CHttpResponseCodec.decode(W3CHttpResponseCodec.java:133)
	at org.openqa.selenium.remote.codec.w3c.W3CHttpResponseCodec.decode(W3CHttpResponseCodec.java:52)
	at org.openqa.selenium.remote.HttpCommandExecutor.execute(HttpCommandExecutor.java:191)
	at io.appium.java_client.remote.AppiumCommandExecutor.execute(AppiumCommandExecutor.java:250)
	at org.openqa.selenium.remote.RemoteWebDriver.execute(RemoteWebDriver.java:518)
	at org.openqa.selenium.remote.RemoteWebDriver.execute(RemoteWebDriver.java:591)
	at io.appium.java_client.AppiumDriver.execute(AppiumDriver.java:313)
	at io.appium.java_client.screenrecording.CanRecordScreen.startRecordingScreen(CanRecordScreen.java:48)
	at com.qa.BaseTest.beforeMethod(BaseTest.java:109)
	at java.base/jdk.internal.reflect.NativeMethodAccessorImpl.invoke0(Native Method)
	at java.base/jdk.internal.reflect.NativeMethodAccessorImpl.invoke(NativeMethodAccessorImpl.java:64)
	at java.base/jdk.internal.reflect.DelegatingMethodAccessorImpl.invoke(DelegatingMethodAccessorImpl.java:43)
	at java.base/java.lang.reflect.Method.invoke(Method.java:564)
	at org.testng.internal.invokers.MethodInvocationHelper.invokeMethod(MethodInvocationHelper.java:139)
	at org.testng.internal.invokers.MethodInvocationHelper.invokeMethodConsideringTimeout(MethodInvocationHelper.java:69)
	at org.testng.internal.invokers.ConfigInvoker.invokeConfigurationMethod(ConfigInvoker.java:390)
	at org.testng.internal.invokers.ConfigInvoker.invokeConfigurations(ConfigInvoker.java:325)
	at org.testng.internal.invokers.TestInvoker.runConfigMethods(TestInvoker.java:810)
	at org.testng.internal.invokers.TestInvoker.invokeMethod(TestInvoker.java:577)
	at org.testng.internal.invokers.TestInvoker.invokeTestMethod(TestInvoker.java:227)
	at org.testng.internal.invokers.MethodRunner.runInSequence(MethodRunner.java:50)
	at org.testng.internal.invokers.TestInvoker$MethodInvocationAgent.invoke(TestInvoker.java:957)
	at org.testng.internal.invokers.TestInvoker.invokeTestMethods(TestInvoker.java:200)
	at org.testng.internal.invokers.TestMethodWorker.invokeTestMethods(TestMethodWorker.java:148)
	at org.testng.internal.invokers.TestMethodWorker.run(TestMethodWorker.java:128)
	at java.base/java.util.ArrayList.forEach(ArrayList.java:1511)
	at org.testng.TestRunner.privateRun(TestRunner.java:848)
	at org.testng.TestRunner.run(TestRunner.java:621)
	at org.testng.SuiteRunner.runTest(SuiteRunner.java:443)
	at org.testng.SuiteRunner.runSequentially(SuiteRunner.java:437)
	at org.testng.SuiteRunner.privateRun(SuiteRunner.java:397)
	at org.testng.SuiteRunner.run(SuiteRunner.java:336)
	at org.testng.SuiteRunnerWorker.runSuite(SuiteRunnerWorker.java:52)
	at org.testng.SuiteRunnerWorker.run(SuiteRunnerWorker.java:95)
	at org.testng.TestNG.runSuitesSequentially(TestNG.java:1280)
	at org.testng.TestNG.runSuitesLocally(TestNG.java:1200)
	at org.testng.TestNG.runSuites(TestNG.java:1114)
	at org.testng.TestNG.run(TestNG.java:1082)
	at org.apache.maven.surefire.testng.TestNGExecutor.run(TestNGExecutor.java:308)
	at org.apache.maven.surefire.testng.TestNGXmlTestSuite.execute(TestNGXmlTestSuite.java:71)
	at org.apache.maven.surefire.testng.TestNGProvider.invoke(TestNGProvider.java:113)
	at org.apache.maven.surefire.booter.ForkedBooter.runSuitesInProcess(ForkedBooter.java:385)
	at org.apache.maven.surefire.booter.ForkedBooter.execute(ForkedBooter.java:162)
	at org.apache.maven.surefire.booter.ForkedBooter.run(ForkedBooter.java:507)
	at org.apache.maven.surefire.booter.ForkedBooter.main(ForkedBooter.java:495)
]]></failure>
  </testcase>
  <testcase name="beforeMethod" classname="com.qa.tests.ProductTests" time="0.0">
    <skipped/>
  </testcase>
  <testcase name="beforeMethod" classname="com.qa.tests.ProductTests" time="0.0">
    <skipped/>
  </testcase>
  <testcase name="beforeMethod" classname="com.qa.tests.ProductTests" time="0.0">
    <skipped/>
  </testcase>
  <testcase name="validateProductOnProductDetailsPage" classname="com.qa.tests.ProductTests" time="0.0">
    <skipped message="An unknown server-side error occurred while processing the command. Original error: &apos;ffmpeg&apos; binary is not found in PATH. Install it using &apos;brew install ffmpeg&apos;. Check https://www.ffmpeg.org/download.html for more details.&#10;Build info: version: &apos;4.11.0&apos;, revision: &apos;040bc5406b&apos;&#10;System info: os.name: &apos;Mac OS X&apos;, os.arch: &apos;x86_64&apos;, os.version: &apos;10.16&apos;, java.version: &apos;15.0.2&apos;&#10;Driver info: io.appium.java_client.ios.IOSDriver&#10;Command: [12fa12ad-ff2d-407e-b426-1bc8ad2b872f, startRecordingScreen {}]&#10;Capabilities {appium:app: /Users/annprodous/TDDFramew..., appium:automationName: XCUITest, appium:bundleId: com.saucelabs.SwagLabsMobil..., appium:databaseEnabled: false, appium:deviceName: iPhone 14 Pro Max, appium:javascriptEnabled: true, appium:locationContextEnabled: false, appium:networkConnectionEnabled: false, appium:takesScreenshot: true, appium:udid: 90BAEFB6-D016-4D55-B9F4-83E..., appium:wdaLocalPort: 10001, appium:webStorageEnabled: false, appium:webkitDebugProxyPort: 11001, platformName: IOS}&#10;Session ID: 12fa12ad-ff2d-407e-b426-1bc8ad2b872f"/>
  </testcase>
  <testcase name="afterMethod" classname="com.qa.tests.ProductTests" time="0.0">
    <skipped/>
  </testcase>
  <testcase name="afterMethod" classname="com.qa.tests.ProductTests" time="0.0">
    <skipped/>
  </testcase>
  <testcase name="validateProductOnProductsPage" classname="com.qa.tests.ProductTests" time="0.0">
    <skipped message="An unknown server-side error occurred while processing the command. Original error: &apos;ffmpeg&apos; binary is not found in PATH. Install it using &apos;brew install ffmpeg&apos;. Check https://www.ffmpeg.org/download.html for more details.&#10;Build info: version: &apos;4.11.0&apos;, revision: &apos;040bc5406b&apos;&#10;System info: os.name: &apos;Mac OS X&apos;, os.arch: &apos;x86_64&apos;, os.version: &apos;10.16&apos;, java.version: &apos;15.0.2&apos;&#10;Driver info: io.appium.java_client.ios.IOSDriver&#10;Command: [12fa12ad-ff2d-407e-b426-1bc8ad2b872f, startRecordingScreen {}]&#10;Capabilities {appium:app: /Users/annprodous/TDDFramew..., appium:automationName: XCUITest, appium:bundleId: com.saucelabs.SwagLabsMobil..., appium:databaseEnabled: false, appium:deviceName: iPhone 14 Pro Max, appium:javascriptEnabled: true, appium:locationContextEnabled: false, appium:networkConnectionEnabled: false, appium:takesScreenshot: true, appium:udid: 90BAEFB6-D016-4D55-B9F4-83E..., appium:wdaLocalPort: 10001, appium:webStorageEnabled: false, appium:webkitDebugProxyPort: 11001, platformName: IOS}&#10;Session ID: 12fa12ad-ff2d-407e-b426-1bc8ad2b872f"/>
  </testcase>
  <testcase name="afterClass" classname="com.qa.tests.ProductTests" time="0.0">
    <skipped/>
  </testcase>
</testsuite>