<?xml version="1.0" encoding="UTF-8"?>
<!-- Generated by org.testng.reporters.JUnitReportReporter -->
<testsuite hostname="MacBook-Pro-Ann.local" failures="0" tests="1" name="com.qa.tests.ProductTests" time="11.849" errors="0" timestamp="2023-08-13T11:07:25 IDT" skipped="0">
  <testcase classname="com.qa.tests.ProductTests" name="validateProductOnProductDetailsPage" time="11.849"/>
</testsuite> <!-- com.qa.tests.ProductTests -->
