<?xml version="1.0" encoding="UTF-8"?>
<!-- Generated by org.testng.reporters.JUnitReportReporter -->
<testsuite hostname="MacBook-Pro-Ann.local" failures="0" tests="1" name="com.qa.reports.ExtentReport" time="0.270" errors="0" timestamp="2023-08-11T14:51:00 IDT" skipped="0">
  <testcase classname="com.qa.reports.ExtentReport" name="MainTest" time="0.270"/>
</testsuite> <!-- com.qa.reports.ExtentReport -->
