<?xml version="1.0" encoding="UTF-8"?>
<!-- Generated by org.testng.reporters.JUnitReportReporter -->
<testsuite hostname="MacBook-Pro-Ann.local" failures="0" tests="3" name="com.qa.tests.LoginTests" time="25.306" errors="0" timestamp="2023-08-16T15:40:07 IDT" skipped="0">
  <testcase classname="com.qa.tests.LoginTests" name="invalidUserName" time="8.140"/>
  <testcase classname="com.qa.tests.LoginTests" name="invalidPassword" time="8.705"/>
  <testcase classname="com.qa.tests.LoginTests" name="successfulLogin" time="8.461"/>
</testsuite> <!-- com.qa.tests.LoginTests -->
