<?xml version="1.0" encoding="UTF-8"?>
<!-- Generated by org.testng.reporters.JUnitReportReporter -->
<testsuite hostname="MacBook-Pro-Ann.local" failures="0" tests="3" name="com.qa.tests.LoginTests" time="31.213" errors="0" timestamp="2023-08-16T15:19:22 IDT" skipped="0">
  <testcase classname="com.qa.tests.LoginTests" name="invalidPassword" time="13.164"/>
  <testcase classname="com.qa.tests.LoginTests" name="invalidUserName" time="8.775"/>
  <testcase classname="com.qa.tests.LoginTests" name="successfulLogin" time="9.274"/>
  <system-out>
    <![CDATA[This is the sample screenshot
<a href='/Users/annprodous/Documents/git/appiumcicd/Screenshots/iOS_16.4_iPhone 14 Pro Max/2023-08-16-15-17-57/ProductTests/validateProductOnProductDetailsPage.png'>img src='/Users/annprodous/Documents/git/appiumcicd/Screenshots/iOS_16.4_iPhone 14 Pro Max/2023-08-16-15-17-57/ProductTests/validateProductOnProductDetailsPage.png' height='100' width='100'/> </a>]]>
  </system-out>
</testsuite> <!-- com.qa.tests.LoginTests -->
